{"/Users/danjohnson/repos/eased-smooth-scroll/AnimateScrollBy.js": {"path":"/Users/danjohnson/repos/eased-smooth-scroll/AnimateScrollBy.js","statementMap":{"0":{"start":{"line":1,"column":24},"end":{"line":1,"column":52}},"1":{"start":{"line":2,"column":23},"end":{"line":2,"column":46}},"2":{"start":{"line":21,"column":54},"end":{"line":21,"column":73}},"3":{"start":{"line":23,"column":2},"end":{"line":30,"column":3}},"4":{"start":{"line":24,"column":4},"end":{"line":28,"column":6}},"5":{"start":{"line":29,"column":4},"end":{"line":29,"column":11}},"6":{"start":{"line":32,"column":19},"end":{"line":32,"column":36}},"7":{"start":{"line":33,"column":19},"end":{"line":33,"column":35}},"8":{"start":{"line":35,"column":2},"end":{"line":41,"column":4}},"9":{"start":{"line":45,"column":0},"end":{"line":45,"column":33}}},"fnMap":{"0":{"name":"AnimateScrollBy","decl":{"start":{"line":20,"column":9},"end":{"line":20,"column":24}},"loc":{"start":{"line":20,"column":34},"end":{"line":43,"column":1}},"line":20}},"branchMap":{"0":{"loc":{"start":{"line":23,"column":2},"end":{"line":30,"column":3}},"type":"if","locations":[{"start":{"line":23,"column":2},"end":{"line":30,"column":3}},{"start":{"line":23,"column":2},"end":{"line":30,"column":3}}],"line":23}},"s":{"0":2,"1":2,"2":4,"3":4,"4":2,"5":2,"6":2,"7":2,"8":2,"9":2},"f":{"0":4},"b":{"0":[2,2]},"_coverageSchema":"1a1c01bbd47fc00a2c39e90264f33305004495a9","hash":"3216f95664dfa64433c466c269ab186768d70533"}
,"/Users/danjohnson/repos/eased-smooth-scroll/AnimateScrollTo.js": {"path":"/Users/danjohnson/repos/eased-smooth-scroll/AnimateScrollTo.js","statementMap":{"0":{"start":{"line":1,"column":27},"end":{"line":1,"column":57}},"1":{"start":{"line":2,"column":23},"end":{"line":2,"column":46}},"2":{"start":{"line":21,"column":54},"end":{"line":21,"column":73}},"3":{"start":{"line":23,"column":2},"end":{"line":30,"column":3}},"4":{"start":{"line":24,"column":4},"end":{"line":28,"column":6}},"5":{"start":{"line":29,"column":4},"end":{"line":29,"column":11}},"6":{"start":{"line":32,"column":19},"end":{"line":32,"column":36}},"7":{"start":{"line":33,"column":19},"end":{"line":33,"column":35}},"8":{"start":{"line":34,"column":29},"end":{"line":34,"column":41}},"9":{"start":{"line":35,"column":27},"end":{"line":35,"column":39}},"10":{"start":{"line":36,"column":2},"end":{"line":38,"column":3}},"11":{"start":{"line":37,"column":4},"end":{"line":37,"column":11}},"12":{"start":{"line":40,"column":14},"end":{"line":40,"column":46}},"13":{"start":{"line":41,"column":20},"end":{"line":41,"column":24}},"14":{"start":{"line":43,"column":24},"end":{"line":43,"column":75}},"15":{"start":{"line":44,"column":26},"end":{"line":49,"column":3}},"16":{"start":{"line":45,"column":4},"end":{"line":48,"column":5}},"17":{"start":{"line":46,"column":6},"end":{"line":46,"column":44}},"18":{"start":{"line":47,"column":6},"end":{"line":47,"column":25}},"19":{"start":{"line":50,"column":2},"end":{"line":50,"column":71}},"20":{"start":{"line":52,"column":20},"end":{"line":52,"column":30}},"21":{"start":{"line":53,"column":21},"end":{"line":65,"column":3}},"22":{"start":{"line":54,"column":20},"end":{"line":54,"column":42}},"23":{"start":{"line":55,"column":19},"end":{"line":55,"column":82}},"24":{"start":{"line":56,"column":19},"end":{"line":56,"column":80}},"25":{"start":{"line":58,"column":4},"end":{"line":58,"column":36}},"26":{"start":{"line":60,"column":4},"end":{"line":64,"column":5}},"27":{"start":{"line":61,"column":6},"end":{"line":61,"column":54}},"28":{"start":{"line":63,"column":6},"end":{"line":63,"column":28}},"29":{"start":{"line":66,"column":2},"end":{"line":66,"column":15}},"30":{"start":{"line":69,"column":0},"end":{"line":69,"column":33}}},"fnMap":{"0":{"name":"AnimateScrollTo","decl":{"start":{"line":20,"column":9},"end":{"line":20,"column":24}},"loc":{"start":{"line":20,"column":34},"end":{"line":67,"column":1}},"line":20},"1":{"name":"(anonymous_1)","decl":{"start":{"line":44,"column":26},"end":{"line":44,"column":27}},"loc":{"start":{"line":44,"column":32},"end":{"line":49,"column":3}},"line":44},"2":{"name":"(anonymous_2)","decl":{"start":{"line":53,"column":21},"end":{"line":53,"column":22}},"loc":{"start":{"line":53,"column":27},"end":{"line":65,"column":3}},"line":53}},"branchMap":{"0":{"loc":{"start":{"line":23,"column":2},"end":{"line":30,"column":3}},"type":"if","locations":[{"start":{"line":23,"column":2},"end":{"line":30,"column":3}},{"start":{"line":23,"column":2},"end":{"line":30,"column":3}}],"line":23},"1":{"loc":{"start":{"line":36,"column":2},"end":{"line":38,"column":3}},"type":"if","locations":[{"start":{"line":36,"column":2},"end":{"line":38,"column":3}},{"start":{"line":36,"column":2},"end":{"line":38,"column":3}}],"line":36},"2":{"loc":{"start":{"line":36,"column":6},"end":{"line":36,"column":56}},"type":"binary-expr","locations":[{"start":{"line":36,"column":6},"end":{"line":36,"column":30}},{"start":{"line":36,"column":34},"end":{"line":36,"column":56}}],"line":36},"3":{"loc":{"start":{"line":43,"column":24},"end":{"line":43,"column":75}},"type":"cond-expr","locations":[{"start":{"line":43,"column":53},"end":{"line":43,"column":60}},{"start":{"line":43,"column":63},"end":{"line":43,"column":75}}],"line":43},"4":{"loc":{"start":{"line":45,"column":4},"end":{"line":48,"column":5}},"type":"if","locations":[{"start":{"line":45,"column":4},"end":{"line":48,"column":5}},{"start":{"line":45,"column":4},"end":{"line":48,"column":5}}],"line":45},"5":{"loc":{"start":{"line":60,"column":4},"end":{"line":64,"column":5}},"type":"if","locations":[{"start":{"line":60,"column":4},"end":{"line":64,"column":5}},{"start":{"line":60,"column":4},"end":{"line":64,"column":5}}],"line":60}},"s":{"0":2,"1":2,"2":6,"3":6,"4":2,"5":2,"6":4,"7":4,"8":4,"9":4,"10":4,"11":0,"12":4,"13":4,"14":4,"15":4,"16":0,"17":0,"18":0,"19":4,"20":4,"21":4,"22":60,"23":60,"24":60,"25":60,"26":60,"27":56,"28":4,"29":4,"30":2},"f":{"0":6,"1":0,"2":60},"b":{"0":[2,4],"1":[0,4],"2":[4,2],"3":[4,0],"4":[0,0],"5":[56,4]},"_coverageSchema":"1a1c01bbd47fc00a2c39e90264f33305004495a9","hash":"8d406f7b7c7a178a48f69affab2def2e766f97c1"}
,"/Users/danjohnson/repos/eased-smooth-scroll/GetOptions.js": {"path":"/Users/danjohnson/repos/eased-smooth-scroll/GetOptions.js","statementMap":{"0":{"start":{"line":1,"column":32},"end":{"line":1,"column":82}},"1":{"start":{"line":2,"column":24},"end":{"line":8,"column":1}},"2":{"start":{"line":11,"column":19},"end":{"line":11,"column":53}},"3":{"start":{"line":13,"column":2},"end":{"line":15,"column":3}},"4":{"start":{"line":14,"column":4},"end":{"line":14,"column":20}},"5":{"start":{"line":17,"column":2},"end":{"line":35,"column":3}},"6":{"start":{"line":22,"column":18},"end":{"line":22,"column":25}},"7":{"start":{"line":23,"column":4},"end":{"line":23,"column":19}},"8":{"start":{"line":24,"column":4},"end":{"line":24,"column":19}},"9":{"start":{"line":25,"column":9},"end":{"line":35,"column":3}},"10":{"start":{"line":29,"column":56},"end":{"line":29,"column":66}},"11":{"start":{"line":30,"column":4},"end":{"line":30,"column":26}},"12":{"start":{"line":31,"column":4},"end":{"line":31,"column":26}},"13":{"start":{"line":32,"column":4},"end":{"line":32,"column":41}},"14":{"start":{"line":33,"column":4},"end":{"line":33,"column":47}},"15":{"start":{"line":34,"column":4},"end":{"line":34,"column":82}},"16":{"start":{"line":37,"column":2},"end":{"line":37,"column":18}},"17":{"start":{"line":40,"column":0},"end":{"line":43,"column":2}}},"fnMap":{"0":{"name":"getOptions","decl":{"start":{"line":10,"column":9},"end":{"line":10,"column":19}},"loc":{"start":{"line":10,"column":32},"end":{"line":38,"column":1}},"line":10}},"branchMap":{"0":{"loc":{"start":{"line":13,"column":2},"end":{"line":15,"column":3}},"type":"if","locations":[{"start":{"line":13,"column":2},"end":{"line":15,"column":3}},{"start":{"line":13,"column":2},"end":{"line":15,"column":3}}],"line":13},"1":{"loc":{"start":{"line":17,"column":2},"end":{"line":35,"column":3}},"type":"if","locations":[{"start":{"line":17,"column":2},"end":{"line":35,"column":3}},{"start":{"line":17,"column":2},"end":{"line":35,"column":3}}],"line":17},"2":{"loc":{"start":{"line":18,"column":4},"end":{"line":20,"column":36}},"type":"binary-expr","locations":[{"start":{"line":18,"column":4},"end":{"line":18,"column":24}},{"start":{"line":19,"column":5},"end":{"line":19,"column":35}},{"start":{"line":20,"column":5},"end":{"line":20,"column":35}}],"line":18},"3":{"loc":{"start":{"line":25,"column":9},"end":{"line":35,"column":3}},"type":"if","locations":[{"start":{"line":25,"column":9},"end":{"line":35,"column":3}},{"start":{"line":25,"column":9},"end":{"line":35,"column":3}}],"line":25},"4":{"loc":{"start":{"line":26,"column":4},"end":{"line":27,"column":36}},"type":"binary-expr","locations":[{"start":{"line":26,"column":4},"end":{"line":26,"column":24}},{"start":{"line":27,"column":5},"end":{"line":27,"column":35}}],"line":26},"5":{"loc":{"start":{"line":30,"column":4},"end":{"line":30,"column":25}},"type":"binary-expr","locations":[{"start":{"line":30,"column":4},"end":{"line":30,"column":5}},{"start":{"line":30,"column":10},"end":{"line":30,"column":24}}],"line":30},"6":{"loc":{"start":{"line":31,"column":4},"end":{"line":31,"column":25}},"type":"binary-expr","locations":[{"start":{"line":31,"column":4},"end":{"line":31,"column":5}},{"start":{"line":31,"column":10},"end":{"line":31,"column":24}}],"line":31},"7":{"loc":{"start":{"line":32,"column":4},"end":{"line":32,"column":40}},"type":"binary-expr","locations":[{"start":{"line":32,"column":4},"end":{"line":32,"column":10}},{"start":{"line":32,"column":15},"end":{"line":32,"column":39}}],"line":32},"8":{"loc":{"start":{"line":33,"column":4},"end":{"line":33,"column":46}},"type":"binary-expr","locations":[{"start":{"line":33,"column":4},"end":{"line":33,"column":12}},{"start":{"line":33,"column":17},"end":{"line":33,"column":45}}],"line":33},"9":{"loc":{"start":{"line":34,"column":4},"end":{"line":34,"column":81}},"type":"binary-expr","locations":[{"start":{"line":34,"column":4},"end":{"line":34,"column":33}},{"start":{"line":34,"column":38},"end":{"line":34,"column":80}}],"line":34}},"s":{"0":3,"1":3,"2":16,"3":16,"4":0,"5":16,"6":1,"7":1,"8":1,"9":15,"10":12,"11":12,"12":12,"13":12,"14":12,"15":12,"16":16,"17":3},"f":{"0":16},"b":{"0":[0,16],"1":[1,15],"2":[16,1,1],"3":[12,3],"4":[15,13],"5":[12,6],"6":[12,7],"7":[12,10],"8":[12,7],"9":[12,10]},"_coverageSchema":"1a1c01bbd47fc00a2c39e90264f33305004495a9","hash":"52adad3aaa104257aab115645f2654b6d7a0bf5b"}
,"/Users/danjohnson/repos/eased-smooth-scroll/index.js": {"path":"/Users/danjohnson/repos/eased-smooth-scroll/index.js","statementMap":{"0":{"start":{"line":1,"column":24},"end":{"line":1,"column":52}},"1":{"start":{"line":2,"column":24},"end":{"line":2,"column":52}},"2":{"start":{"line":4,"column":0},"end":{"line":7,"column":2}}},"fnMap":{},"branchMap":{},"s":{"0":2,"1":2,"2":2},"f":{},"b":{},"_coverageSchema":"1a1c01bbd47fc00a2c39e90264f33305004495a9","hash":"2d145f8a30f4862cfb9759c4686875c63c2eb4ed"}
}
