TN:
SF:AnimateScrollBy.js
FN:20,AnimateScrollBy
FNF:1
FNH:1
FNDA:4,AnimateScrollBy
DA:1,2
DA:2,2
DA:21,4
DA:23,4
DA:24,2
DA:29,2
DA:32,2
DA:33,2
DA:35,2
DA:45,2
LF:10
LH:10
BRDA:23,0,0,2
BRDA:23,0,1,2
BRF:2
BRH:2
end_of_record
TN:
SF:AnimateScrollTo.js
FN:20,AnimateScrollTo
FN:44,(anonymous_1)
FN:53,(anonymous_2)
FNF:3
FNH:2
FNDA:6,AnimateScrollTo
FNDA:0,(anonymous_1)
FNDA:60,(anonymous_2)
DA:1,2
DA:2,2
DA:21,6
DA:23,6
DA:24,2
DA:29,2
DA:32,4
DA:33,4
DA:34,4
DA:35,4
DA:36,4
DA:37,0
DA:40,4
DA:41,4
DA:43,4
DA:44,4
DA:45,0
DA:46,0
DA:47,0
DA:50,4
DA:52,4
DA:53,4
DA:54,60
DA:55,60
DA:56,60
DA:58,60
DA:60,60
DA:61,56
DA:63,4
DA:66,4
DA:69,2
LF:31
LH:27
BRDA:23,0,0,2
BRDA:23,0,1,4
BRDA:36,1,0,0
BRDA:36,1,1,4
BRDA:36,2,0,4
BRDA:36,2,1,2
BRDA:43,3,0,4
BRDA:43,3,1,0
BRDA:45,4,0,0
BRDA:45,4,1,0
BRDA:60,5,0,56
BRDA:60,5,1,4
BRF:12
BRH:8
end_of_record
TN:
SF:GetOptions.js
FN:10,getOptions
FNF:1
FNH:1
FNDA:16,getOptions
DA:1,3
DA:2,3
DA:11,16
DA:13,16
DA:14,0
DA:17,16
DA:22,1
DA:23,1
DA:24,1
DA:25,15
DA:29,12
DA:30,12
DA:31,12
DA:32,12
DA:33,12
DA:34,12
DA:37,16
DA:40,3
LF:18
LH:17
BRDA:13,0,0,0
BRDA:13,0,1,16
BRDA:17,1,0,1
BRDA:17,1,1,15
BRDA:18,2,0,16
BRDA:18,2,1,1
BRDA:18,2,2,1
BRDA:25,3,0,12
BRDA:25,3,1,3
BRDA:26,4,0,15
BRDA:26,4,1,13
BRDA:30,5,0,12
BRDA:30,5,1,6
BRDA:31,6,0,12
BRDA:31,6,1,7
BRDA:32,7,0,12
BRDA:32,7,1,10
BRDA:33,8,0,12
BRDA:33,8,1,7
BRDA:34,9,0,12
BRDA:34,9,1,10
BRF:21
BRH:20
end_of_record
TN:
SF:index.js
FNF:0
FNH:0
DA:1,2
DA:2,2
DA:4,2
LF:3
LH:3
BRF:0
BRH:0
end_of_record
