TN:
SF:index.js
FNF:0
FNH:0
DA:1,2
DA:2,2
DA:4,2
LF:3
LH:3
BRF:0
BRH:0
end_of_record
TN:
SF:src/AnimateScrollBy.js
FN:21,AnimateScrollBy
FNF:1
FNH:1
FNDA:4,AnimateScrollBy
DA:1,2
DA:2,2
DA:3,2
DA:22,4
DA:24,4
DA:25,2
DA:30,2
DA:33,2
DA:34,2
DA:36,2
DA:46,2
LF:11
LH:11
BRDA:24,0,0,2
BRDA:24,0,1,2
BRF:2
BRH:2
end_of_record
TN:
SF:src/AnimateScrollTo.js
FN:21,AnimateScrollTo
FN:45,(anonymous_1)
FN:52,(anonymous_2)
FNF:3
FNH:3
FNDA:8,AnimateScrollTo
FNDA:3,(anonymous_1)
FNDA:73,(anonymous_2)
DA:1,2
DA:2,2
DA:3,2
DA:22,8
DA:24,8
DA:25,2
DA:30,2
DA:33,6
DA:34,6
DA:35,6
DA:36,6
DA:37,6
DA:38,1
DA:41,5
DA:42,5
DA:44,5
DA:45,5
DA:46,3
DA:47,3
DA:49,5
DA:51,5
DA:52,5
DA:53,73
DA:54,73
DA:55,73
DA:56,73
DA:58,73
DA:59,69
DA:61,4
DA:64,5
DA:66,5
DA:69,2
LF:32
LH:32
BRDA:24,0,0,2
BRDA:24,0,1,6
BRDA:37,1,0,1
BRDA:37,1,1,5
BRDA:37,2,0,6
BRDA:37,2,1,3
BRDA:44,3,0,5
BRDA:44,3,1,0
BRDA:58,4,0,69
BRDA:58,4,1,4
BRF:10
BRH:9
end_of_record
TN:
SF:src/GetOptions.js
FN:10,getOptions
FNF:1
FNH:1
FNDA:18,getOptions
DA:1,3
DA:2,3
DA:11,18
DA:13,18
DA:14,0
DA:17,18
DA:22,1
DA:23,1
DA:24,1
DA:25,17
DA:29,14
DA:30,14
DA:31,14
DA:32,14
DA:33,14
DA:34,14
DA:37,18
DA:40,3
LF:18
LH:17
BRDA:13,0,0,0
BRDA:13,0,1,18
BRDA:17,1,0,1
BRDA:17,1,1,17
BRDA:18,2,0,18
BRDA:18,2,1,1
BRDA:18,2,2,1
BRDA:25,3,0,14
BRDA:25,3,1,3
BRDA:26,4,0,17
BRDA:26,4,1,15
BRDA:30,5,0,14
BRDA:30,5,1,13
BRDA:31,6,0,14
BRDA:31,6,1,13
BRDA:32,7,0,14
BRDA:32,7,1,12
BRDA:33,8,0,14
BRDA:33,8,1,9
BRDA:34,9,0,14
BRDA:34,9,1,12
BRF:21
BRH:20
end_of_record
TN:
SF:src/GetScrollStopPromise.js
FN:3,(anonymous_0)
FN:5,(anonymous_1)
FN:6,(anonymous_2)
FN:10,(anonymous_3)
FN:11,(anonymous_4)
FN:13,(anonymous_5)
FNF:6
FNH:6
FNDA:10,(anonymous_0)
FNDA:1,(anonymous_1)
FNDA:1,(anonymous_2)
FNDA:9,(anonymous_3)
FNDA:92,(anonymous_4)
FNDA:9,(anonymous_5)
DA:1,2
DA:3,2
DA:4,10
DA:5,1
DA:6,1
DA:10,9
DA:11,9
DA:12,92
DA:14,9
DA:15,9
DA:18,9
DA:22,2
LF:12
LH:12
BRDA:3,0,0,0
BRDA:3,1,0,9
BRDA:4,2,0,1
BRDA:4,2,1,9
BRF:4
BRH:3
end_of_record
TN:
SF:src/IsScrolling.js
FN:2,(anonymous_0)
FN:11,(anonymous_1)
FN:22,isScrolling
FN:23,(anonymous_3)
FNF:4
FNH:4
FNDA:92,(anonymous_0)
FNDA:9,(anonymous_1)
FNDA:92,isScrolling
FNDA:92,(anonymous_3)
DA:2,2
DA:3,92
DA:4,90
DA:7,92
DA:8,92
DA:11,92
DA:12,9
DA:13,9
DA:15,9
DA:16,0
DA:18,9
DA:23,92
DA:24,92
DA:28,2
LF:14
LH:13
BRDA:3,0,0,90
BRDA:3,0,1,2
BRDA:15,1,0,0
BRDA:15,1,1,9
BRDA:15,2,0,9
BRDA:15,2,1,0
BRDA:22,3,0,92
BRF:7
BRH:5
end_of_record
