<?xml version="1.0" encoding="UTF-8"?>
<coverage generated="1607970399733" clover="3.2.0">
  <project timestamp="1607970399733" name="All files">
    <metrics statements="90" coveredstatements="88" conditionals="44" coveredconditionals="39" methods="15" coveredmethods="15" elements="149" coveredelements="142" complexity="0" loc="90" ncloc="90" packages="2" files="6" classes="6"/>
    <package name="eased-smooth-scroll">
      <metrics statements="3" coveredstatements="3" conditionals="0" coveredconditionals="0" methods="0" coveredmethods="0"/>
      <file name="index.js" path="/Users/djohnson/repos/_other/eased-smooth-scroll/index.js">
        <metrics statements="3" coveredstatements="3" conditionals="0" coveredconditionals="0" methods="0" coveredmethods="0"/>
        <line num="1" count="2" type="stmt"/>
        <line num="2" count="2" type="stmt"/>
        <line num="4" count="2" type="stmt"/>
      </file>
    </package>
    <package name="eased-smooth-scroll.src">
      <metrics statements="87" coveredstatements="85" conditionals="44" coveredconditionals="39" methods="15" coveredmethods="15"/>
      <file name="AnimateScrollBy.js" path="/Users/djohnson/repos/_other/eased-smooth-scroll/src/AnimateScrollBy.js">
        <metrics statements="11" coveredstatements="11" conditionals="2" coveredconditionals="2" methods="1" coveredmethods="1"/>
        <line num="1" count="2" type="stmt"/>
        <line num="2" count="2" type="stmt"/>
        <line num="3" count="2" type="stmt"/>
        <line num="22" count="4" type="stmt"/>
        <line num="24" count="4" type="cond" truecount="2" falsecount="0"/>
        <line num="25" count="2" type="stmt"/>
        <line num="30" count="2" type="stmt"/>
        <line num="33" count="2" type="stmt"/>
        <line num="34" count="2" type="stmt"/>
        <line num="36" count="2" type="stmt"/>
        <line num="46" count="2" type="stmt"/>
      </file>
      <file name="AnimateScrollTo.js" path="/Users/djohnson/repos/_other/eased-smooth-scroll/src/AnimateScrollTo.js">
        <metrics statements="32" coveredstatements="32" conditionals="10" coveredconditionals="9" methods="3" coveredmethods="3"/>
        <line num="1" count="2" type="stmt"/>
        <line num="2" count="2" type="stmt"/>
        <line num="3" count="2" type="stmt"/>
        <line num="22" count="8" type="stmt"/>
        <line num="24" count="8" type="cond" truecount="2" falsecount="0"/>
        <line num="25" count="2" type="stmt"/>
        <line num="30" count="2" type="stmt"/>
        <line num="33" count="6" type="stmt"/>
        <line num="34" count="6" type="stmt"/>
        <line num="35" count="6" type="stmt"/>
        <line num="36" count="6" type="stmt"/>
        <line num="37" count="6" type="cond" truecount="4" falsecount="0"/>
        <line num="38" count="1" type="stmt"/>
        <line num="41" count="5" type="stmt"/>
        <line num="42" count="5" type="stmt"/>
        <line num="44" count="5" type="cond" truecount="1" falsecount="1"/>
        <line num="45" count="5" type="stmt"/>
        <line num="46" count="3" type="stmt"/>
        <line num="47" count="3" type="stmt"/>
        <line num="49" count="5" type="stmt"/>
        <line num="51" count="5" type="stmt"/>
        <line num="52" count="5" type="stmt"/>
        <line num="53" count="73" type="stmt"/>
        <line num="54" count="73" type="stmt"/>
        <line num="55" count="73" type="stmt"/>
        <line num="56" count="73" type="stmt"/>
        <line num="58" count="73" type="cond" truecount="2" falsecount="0"/>
        <line num="59" count="69" type="stmt"/>
        <line num="61" count="4" type="stmt"/>
        <line num="64" count="5" type="stmt"/>
        <line num="66" count="5" type="stmt"/>
        <line num="69" count="2" type="stmt"/>
      </file>
      <file name="GetOptions.js" path="/Users/djohnson/repos/_other/eased-smooth-scroll/src/GetOptions.js">
        <metrics statements="18" coveredstatements="17" conditionals="21" coveredconditionals="20" methods="1" coveredmethods="1"/>
        <line num="1" count="3" type="stmt"/>
        <line num="2" count="3" type="stmt"/>
        <line num="11" count="18" type="stmt"/>
        <line num="13" count="18" type="cond" truecount="1" falsecount="1"/>
        <line num="14" count="0" type="stmt"/>
        <line num="17" count="18" type="cond" truecount="2" falsecount="0"/>
        <line num="22" count="1" type="stmt"/>
        <line num="23" count="1" type="stmt"/>
        <line num="24" count="1" type="stmt"/>
        <line num="25" count="17" type="cond" truecount="2" falsecount="0"/>
        <line num="29" count="14" type="stmt"/>
        <line num="30" count="14" type="cond" truecount="2" falsecount="0"/>
        <line num="31" count="14" type="cond" truecount="2" falsecount="0"/>
        <line num="32" count="14" type="cond" truecount="2" falsecount="0"/>
        <line num="33" count="14" type="cond" truecount="2" falsecount="0"/>
        <line num="34" count="14" type="cond" truecount="2" falsecount="0"/>
        <line num="37" count="18" type="stmt"/>
        <line num="40" count="3" type="stmt"/>
      </file>
      <file name="GetScrollStopPromise.js" path="/Users/djohnson/repos/_other/eased-smooth-scroll/src/GetScrollStopPromise.js">
        <metrics statements="12" coveredstatements="12" conditionals="4" coveredconditionals="3" methods="6" coveredmethods="6"/>
        <line num="1" count="2" type="stmt"/>
        <line num="3" count="2" type="cond" truecount="1" falsecount="1"/>
        <line num="4" count="10" type="cond" truecount="2" falsecount="0"/>
        <line num="5" count="1" type="stmt"/>
        <line num="6" count="1" type="stmt"/>
        <line num="10" count="9" type="stmt"/>
        <line num="11" count="9" type="stmt"/>
        <line num="12" count="92" type="stmt"/>
        <line num="14" count="9" type="stmt"/>
        <line num="15" count="9" type="stmt"/>
        <line num="18" count="9" type="stmt"/>
        <line num="22" count="2" type="stmt"/>
      </file>
      <file name="IsScrolling.js" path="/Users/djohnson/repos/_other/eased-smooth-scroll/src/IsScrolling.js">
        <metrics statements="14" coveredstatements="13" conditionals="7" coveredconditionals="5" methods="4" coveredmethods="4"/>
        <line num="2" count="2" type="stmt"/>
        <line num="3" count="92" type="cond" truecount="2" falsecount="0"/>
        <line num="4" count="90" type="stmt"/>
        <line num="7" count="92" type="stmt"/>
        <line num="8" count="92" type="stmt"/>
        <line num="11" count="92" type="stmt"/>
        <line num="12" count="9" type="stmt"/>
        <line num="13" count="9" type="stmt"/>
        <line num="15" count="9" type="cond" truecount="2" falsecount="2"/>
        <line num="16" count="0" type="stmt"/>
        <line num="18" count="9" type="stmt"/>
        <line num="23" count="92" type="stmt"/>
        <line num="24" count="92" type="stmt"/>
        <line num="28" count="2" type="stmt"/>
      </file>
    </package>
  </project>
</coverage>
