<?xml version="1.0" encoding="UTF-8"?>
<coverage generated="1607869878066" clover="3.2.0">
  <project timestamp="1607869878066" name="All files">
    <metrics statements="62" coveredstatements="57" conditionals="35" coveredconditionals="30" methods="5" coveredmethods="4" elements="102" coveredelements="91" complexity="0" loc="62" ncloc="62" packages="1" files="4" classes="4"/>
    <file name="AnimateScrollBy.js" path="/Users/danjohnson/repos/eased-smooth-scroll/AnimateScrollBy.js">
      <metrics statements="10" coveredstatements="10" conditionals="2" coveredconditionals="2" methods="1" coveredmethods="1"/>
      <line num="1" count="2" type="stmt"/>
      <line num="2" count="2" type="stmt"/>
      <line num="21" count="4" type="stmt"/>
      <line num="23" count="4" type="cond" truecount="2" falsecount="0"/>
      <line num="24" count="2" type="stmt"/>
      <line num="29" count="2" type="stmt"/>
      <line num="32" count="2" type="stmt"/>
      <line num="33" count="2" type="stmt"/>
      <line num="35" count="2" type="stmt"/>
      <line num="45" count="2" type="stmt"/>
    </file>
    <file name="AnimateScrollTo.js" path="/Users/danjohnson/repos/eased-smooth-scroll/AnimateScrollTo.js">
      <metrics statements="31" coveredstatements="27" conditionals="12" coveredconditionals="8" methods="3" coveredmethods="2"/>
      <line num="1" count="2" type="stmt"/>
      <line num="2" count="2" type="stmt"/>
      <line num="21" count="6" type="stmt"/>
      <line num="23" count="6" type="cond" truecount="2" falsecount="0"/>
      <line num="24" count="2" type="stmt"/>
      <line num="29" count="2" type="stmt"/>
      <line num="32" count="4" type="stmt"/>
      <line num="33" count="4" type="stmt"/>
      <line num="34" count="4" type="stmt"/>
      <line num="35" count="4" type="stmt"/>
      <line num="36" count="4" type="cond" truecount="3" falsecount="1"/>
      <line num="37" count="0" type="stmt"/>
      <line num="40" count="4" type="stmt"/>
      <line num="41" count="4" type="stmt"/>
      <line num="43" count="4" type="cond" truecount="1" falsecount="1"/>
      <line num="44" count="4" type="stmt"/>
      <line num="45" count="0" type="cond" truecount="0" falsecount="2"/>
      <line num="46" count="0" type="stmt"/>
      <line num="47" count="0" type="stmt"/>
      <line num="50" count="4" type="stmt"/>
      <line num="52" count="4" type="stmt"/>
      <line num="53" count="4" type="stmt"/>
      <line num="54" count="60" type="stmt"/>
      <line num="55" count="60" type="stmt"/>
      <line num="56" count="60" type="stmt"/>
      <line num="58" count="60" type="stmt"/>
      <line num="60" count="60" type="cond" truecount="2" falsecount="0"/>
      <line num="61" count="56" type="stmt"/>
      <line num="63" count="4" type="stmt"/>
      <line num="66" count="4" type="stmt"/>
      <line num="69" count="2" type="stmt"/>
    </file>
    <file name="GetOptions.js" path="/Users/danjohnson/repos/eased-smooth-scroll/GetOptions.js">
      <metrics statements="18" coveredstatements="17" conditionals="21" coveredconditionals="20" methods="1" coveredmethods="1"/>
      <line num="1" count="3" type="stmt"/>
      <line num="2" count="3" type="stmt"/>
      <line num="11" count="16" type="stmt"/>
      <line num="13" count="16" type="cond" truecount="1" falsecount="1"/>
      <line num="14" count="0" type="stmt"/>
      <line num="17" count="16" type="cond" truecount="2" falsecount="0"/>
      <line num="22" count="1" type="stmt"/>
      <line num="23" count="1" type="stmt"/>
      <line num="24" count="1" type="stmt"/>
      <line num="25" count="15" type="cond" truecount="2" falsecount="0"/>
      <line num="29" count="12" type="stmt"/>
      <line num="30" count="12" type="cond" truecount="2" falsecount="0"/>
      <line num="31" count="12" type="cond" truecount="2" falsecount="0"/>
      <line num="32" count="12" type="cond" truecount="2" falsecount="0"/>
      <line num="33" count="12" type="cond" truecount="2" falsecount="0"/>
      <line num="34" count="12" type="cond" truecount="2" falsecount="0"/>
      <line num="37" count="16" type="stmt"/>
      <line num="40" count="3" type="stmt"/>
    </file>
    <file name="index.js" path="/Users/danjohnson/repos/eased-smooth-scroll/index.js">
      <metrics statements="3" coveredstatements="3" conditionals="0" coveredconditionals="0" methods="0" coveredmethods="0"/>
      <line num="1" count="2" type="stmt"/>
      <line num="2" count="2" type="stmt"/>
      <line num="4" count="2" type="stmt"/>
    </file>
  </project>
</coverage>
