{"/Users/danjohnson/repos/eased-smooth-scroll/AnimateScrollBy.js": {"path":"/Users/danjohnson/repos/eased-smooth-scroll/AnimateScrollBy.js","statementMap":{"0":{"start":{"line":1,"column":24},"end":{"line":1,"column":52}},"1":{"start":{"line":2,"column":23},"end":{"line":2,"column":46}},"2":{"start":{"line":3,"column":29},"end":{"line":3,"column":62}},"3":{"start":{"line":22,"column":54},"end":{"line":22,"column":73}},"4":{"start":{"line":24,"column":2},"end":{"line":31,"column":3}},"5":{"start":{"line":25,"column":4},"end":{"line":29,"column":6}},"6":{"start":{"line":30,"column":4},"end":{"line":30,"column":40}},"7":{"start":{"line":33,"column":19},"end":{"line":33,"column":36}},"8":{"start":{"line":34,"column":19},"end":{"line":34,"column":35}},"9":{"start":{"line":36,"column":2},"end":{"line":42,"column":4}},"10":{"start":{"line":46,"column":0},"end":{"line":46,"column":33}}},"fnMap":{"0":{"name":"AnimateScrollBy","decl":{"start":{"line":21,"column":9},"end":{"line":21,"column":24}},"loc":{"start":{"line":21,"column":34},"end":{"line":44,"column":1}},"line":21}},"branchMap":{"0":{"loc":{"start":{"line":24,"column":2},"end":{"line":31,"column":3}},"type":"if","locations":[{"start":{"line":24,"column":2},"end":{"line":31,"column":3}},{"start":{"line":24,"column":2},"end":{"line":31,"column":3}}],"line":24}},"s":{"0":2,"1":2,"2":2,"3":4,"4":4,"5":2,"6":2,"7":2,"8":2,"9":2,"10":2},"f":{"0":4},"b":{"0":[2,2]},"_coverageSchema":"1a1c01bbd47fc00a2c39e90264f33305004495a9","hash":"c33d2073b91ee6d848e674ae784d29f8b12e2d0b"}
,"/Users/danjohnson/repos/eased-smooth-scroll/AnimateScrollTo.js": {"path":"/Users/danjohnson/repos/eased-smooth-scroll/AnimateScrollTo.js","statementMap":{"0":{"start":{"line":1,"column":27},"end":{"line":1,"column":57}},"1":{"start":{"line":2,"column":23},"end":{"line":2,"column":46}},"2":{"start":{"line":3,"column":29},"end":{"line":3,"column":62}},"3":{"start":{"line":22,"column":54},"end":{"line":22,"column":73}},"4":{"start":{"line":24,"column":2},"end":{"line":31,"column":3}},"5":{"start":{"line":25,"column":4},"end":{"line":29,"column":6}},"6":{"start":{"line":30,"column":4},"end":{"line":30,"column":40}},"7":{"start":{"line":33,"column":19},"end":{"line":33,"column":36}},"8":{"start":{"line":34,"column":19},"end":{"line":34,"column":35}},"9":{"start":{"line":35,"column":29},"end":{"line":35,"column":53}},"10":{"start":{"line":36,"column":27},"end":{"line":36,"column":51}},"11":{"start":{"line":37,"column":2},"end":{"line":39,"column":3}},"12":{"start":{"line":38,"column":4},"end":{"line":38,"column":46}},"13":{"start":{"line":41,"column":14},"end":{"line":41,"column":46}},"14":{"start":{"line":42,"column":20},"end":{"line":42,"column":24}},"15":{"start":{"line":44,"column":24},"end":{"line":44,"column":75}},"16":{"start":{"line":45,"column":26},"end":{"line":50,"column":3}},"17":{"start":{"line":46,"column":4},"end":{"line":49,"column":5}},"18":{"start":{"line":47,"column":6},"end":{"line":47,"column":44}},"19":{"start":{"line":48,"column":6},"end":{"line":48,"column":25}},"20":{"start":{"line":51,"column":2},"end":{"line":51,"column":71}},"21":{"start":{"line":53,"column":20},"end":{"line":53,"column":30}},"22":{"start":{"line":54,"column":21},"end":{"line":65,"column":3}},"23":{"start":{"line":55,"column":20},"end":{"line":55,"column":42}},"24":{"start":{"line":56,"column":19},"end":{"line":56,"column":82}},"25":{"start":{"line":57,"column":19},"end":{"line":57,"column":80}},"26":{"start":{"line":58,"column":4},"end":{"line":58,"column":36}},"27":{"start":{"line":60,"column":4},"end":{"line":64,"column":5}},"28":{"start":{"line":61,"column":6},"end":{"line":61,"column":54}},"29":{"start":{"line":63,"column":6},"end":{"line":63,"column":28}},"30":{"start":{"line":66,"column":2},"end":{"line":66,"column":15}},"31":{"start":{"line":68,"column":2},"end":{"line":68,"column":38}},"32":{"start":{"line":71,"column":0},"end":{"line":71,"column":33}}},"fnMap":{"0":{"name":"AnimateScrollTo","decl":{"start":{"line":21,"column":9},"end":{"line":21,"column":24}},"loc":{"start":{"line":21,"column":34},"end":{"line":69,"column":1}},"line":21},"1":{"name":"(anonymous_1)","decl":{"start":{"line":45,"column":26},"end":{"line":45,"column":27}},"loc":{"start":{"line":45,"column":32},"end":{"line":50,"column":3}},"line":45},"2":{"name":"(anonymous_2)","decl":{"start":{"line":54,"column":21},"end":{"line":54,"column":22}},"loc":{"start":{"line":54,"column":27},"end":{"line":65,"column":3}},"line":54}},"branchMap":{"0":{"loc":{"start":{"line":24,"column":2},"end":{"line":31,"column":3}},"type":"if","locations":[{"start":{"line":24,"column":2},"end":{"line":31,"column":3}},{"start":{"line":24,"column":2},"end":{"line":31,"column":3}}],"line":24},"1":{"loc":{"start":{"line":37,"column":2},"end":{"line":39,"column":3}},"type":"if","locations":[{"start":{"line":37,"column":2},"end":{"line":39,"column":3}},{"start":{"line":37,"column":2},"end":{"line":39,"column":3}}],"line":37},"2":{"loc":{"start":{"line":37,"column":6},"end":{"line":37,"column":56}},"type":"binary-expr","locations":[{"start":{"line":37,"column":6},"end":{"line":37,"column":30}},{"start":{"line":37,"column":34},"end":{"line":37,"column":56}}],"line":37},"3":{"loc":{"start":{"line":44,"column":24},"end":{"line":44,"column":75}},"type":"cond-expr","locations":[{"start":{"line":44,"column":53},"end":{"line":44,"column":60}},{"start":{"line":44,"column":63},"end":{"line":44,"column":75}}],"line":44},"4":{"loc":{"start":{"line":46,"column":4},"end":{"line":49,"column":5}},"type":"if","locations":[{"start":{"line":46,"column":4},"end":{"line":49,"column":5}},{"start":{"line":46,"column":4},"end":{"line":49,"column":5}}],"line":46},"5":{"loc":{"start":{"line":60,"column":4},"end":{"line":64,"column":5}},"type":"if","locations":[{"start":{"line":60,"column":4},"end":{"line":64,"column":5}},{"start":{"line":60,"column":4},"end":{"line":64,"column":5}}],"line":60}},"s":{"0":2,"1":2,"2":2,"3":6,"4":6,"5":2,"6":2,"7":4,"8":4,"9":4,"10":4,"11":4,"12":0,"13":4,"14":4,"15":4,"16":4,"17":0,"18":0,"19":0,"20":4,"21":4,"22":4,"23":60,"24":60,"25":60,"26":60,"27":60,"28":56,"29":4,"30":4,"31":4,"32":2},"f":{"0":6,"1":0,"2":60},"b":{"0":[2,4],"1":[0,4],"2":[4,2],"3":[4,0],"4":[0,0],"5":[56,4]},"_coverageSchema":"1a1c01bbd47fc00a2c39e90264f33305004495a9","hash":"d637e57ebe7154584a1daf5e631d52fb4f2d32ab"}
,"/Users/danjohnson/repos/eased-smooth-scroll/GetOptions.js": {"path":"/Users/danjohnson/repos/eased-smooth-scroll/GetOptions.js","statementMap":{"0":{"start":{"line":1,"column":32},"end":{"line":1,"column":82}},"1":{"start":{"line":2,"column":24},"end":{"line":8,"column":1}},"2":{"start":{"line":11,"column":19},"end":{"line":11,"column":53}},"3":{"start":{"line":13,"column":2},"end":{"line":15,"column":3}},"4":{"start":{"line":14,"column":4},"end":{"line":14,"column":20}},"5":{"start":{"line":17,"column":2},"end":{"line":35,"column":3}},"6":{"start":{"line":22,"column":18},"end":{"line":22,"column":25}},"7":{"start":{"line":23,"column":4},"end":{"line":23,"column":19}},"8":{"start":{"line":24,"column":4},"end":{"line":24,"column":19}},"9":{"start":{"line":25,"column":9},"end":{"line":35,"column":3}},"10":{"start":{"line":29,"column":56},"end":{"line":29,"column":66}},"11":{"start":{"line":30,"column":4},"end":{"line":30,"column":26}},"12":{"start":{"line":31,"column":4},"end":{"line":31,"column":26}},"13":{"start":{"line":32,"column":4},"end":{"line":32,"column":41}},"14":{"start":{"line":33,"column":4},"end":{"line":33,"column":47}},"15":{"start":{"line":34,"column":4},"end":{"line":34,"column":82}},"16":{"start":{"line":37,"column":2},"end":{"line":37,"column":18}},"17":{"start":{"line":40,"column":0},"end":{"line":43,"column":2}}},"fnMap":{"0":{"name":"getOptions","decl":{"start":{"line":10,"column":9},"end":{"line":10,"column":19}},"loc":{"start":{"line":10,"column":32},"end":{"line":38,"column":1}},"line":10}},"branchMap":{"0":{"loc":{"start":{"line":13,"column":2},"end":{"line":15,"column":3}},"type":"if","locations":[{"start":{"line":13,"column":2},"end":{"line":15,"column":3}},{"start":{"line":13,"column":2},"end":{"line":15,"column":3}}],"line":13},"1":{"loc":{"start":{"line":17,"column":2},"end":{"line":35,"column":3}},"type":"if","locations":[{"start":{"line":17,"column":2},"end":{"line":35,"column":3}},{"start":{"line":17,"column":2},"end":{"line":35,"column":3}}],"line":17},"2":{"loc":{"start":{"line":18,"column":4},"end":{"line":20,"column":36}},"type":"binary-expr","locations":[{"start":{"line":18,"column":4},"end":{"line":18,"column":24}},{"start":{"line":19,"column":5},"end":{"line":19,"column":35}},{"start":{"line":20,"column":5},"end":{"line":20,"column":35}}],"line":18},"3":{"loc":{"start":{"line":25,"column":9},"end":{"line":35,"column":3}},"type":"if","locations":[{"start":{"line":25,"column":9},"end":{"line":35,"column":3}},{"start":{"line":25,"column":9},"end":{"line":35,"column":3}}],"line":25},"4":{"loc":{"start":{"line":26,"column":4},"end":{"line":27,"column":36}},"type":"binary-expr","locations":[{"start":{"line":26,"column":4},"end":{"line":26,"column":24}},{"start":{"line":27,"column":5},"end":{"line":27,"column":35}}],"line":26},"5":{"loc":{"start":{"line":30,"column":4},"end":{"line":30,"column":25}},"type":"binary-expr","locations":[{"start":{"line":30,"column":4},"end":{"line":30,"column":5}},{"start":{"line":30,"column":10},"end":{"line":30,"column":24}}],"line":30},"6":{"loc":{"start":{"line":31,"column":4},"end":{"line":31,"column":25}},"type":"binary-expr","locations":[{"start":{"line":31,"column":4},"end":{"line":31,"column":5}},{"start":{"line":31,"column":10},"end":{"line":31,"column":24}}],"line":31},"7":{"loc":{"start":{"line":32,"column":4},"end":{"line":32,"column":40}},"type":"binary-expr","locations":[{"start":{"line":32,"column":4},"end":{"line":32,"column":10}},{"start":{"line":32,"column":15},"end":{"line":32,"column":39}}],"line":32},"8":{"loc":{"start":{"line":33,"column":4},"end":{"line":33,"column":46}},"type":"binary-expr","locations":[{"start":{"line":33,"column":4},"end":{"line":33,"column":12}},{"start":{"line":33,"column":17},"end":{"line":33,"column":45}}],"line":33},"9":{"loc":{"start":{"line":34,"column":4},"end":{"line":34,"column":81}},"type":"binary-expr","locations":[{"start":{"line":34,"column":4},"end":{"line":34,"column":33}},{"start":{"line":34,"column":38},"end":{"line":34,"column":80}}],"line":34}},"s":{"0":3,"1":3,"2":16,"3":16,"4":0,"5":16,"6":1,"7":1,"8":1,"9":15,"10":12,"11":12,"12":12,"13":12,"14":12,"15":12,"16":16,"17":3},"f":{"0":16},"b":{"0":[0,16],"1":[1,15],"2":[16,1,1],"3":[12,3],"4":[15,13],"5":[12,6],"6":[12,7],"7":[12,10],"8":[12,7],"9":[12,10]},"_coverageSchema":"1a1c01bbd47fc00a2c39e90264f33305004495a9","hash":"52adad3aaa104257aab115645f2654b6d7a0bf5b"}
,"/Users/danjohnson/repos/eased-smooth-scroll/GetScrollStopPromise.js": {"path":"/Users/danjohnson/repos/eased-smooth-scroll/GetScrollStopPromise.js","statementMap":{"0":{"start":{"line":1,"column":20},"end":{"line":1,"column":44}},"1":{"start":{"line":3,"column":29},"end":{"line":20,"column":1}},"2":{"start":{"line":4,"column":2},"end":{"line":8,"column":3}},"3":{"start":{"line":5,"column":4},"end":{"line":7,"column":7}},"4":{"start":{"line":6,"column":6},"end":{"line":6,"column":88}},"5":{"start":{"line":6,"column":23},"end":{"line":6,"column":81}},"6":{"start":{"line":10,"column":2},"end":{"line":19,"column":5}},"7":{"start":{"line":11,"column":26},"end":{"line":17,"column":5}},"8":{"start":{"line":12,"column":6},"end":{"line":16,"column":11}},"9":{"start":{"line":14,"column":10},"end":{"line":14,"column":69}},"10":{"start":{"line":15,"column":10},"end":{"line":15,"column":64}},"11":{"start":{"line":18,"column":4},"end":{"line":18,"column":55}},"12":{"start":{"line":22,"column":0},"end":{"line":22,"column":38}}},"fnMap":{"0":{"name":"(anonymous_0)","decl":{"start":{"line":3,"column":29},"end":{"line":3,"column":30}},"loc":{"start":{"line":3,"column":104},"end":{"line":20,"column":1}},"line":3},"1":{"name":"(anonymous_1)","decl":{"start":{"line":5,"column":23},"end":{"line":5,"column":24}},"loc":{"start":{"line":5,"column":36},"end":{"line":7,"column":5}},"line":5},"2":{"name":"(anonymous_2)","decl":{"start":{"line":6,"column":17},"end":{"line":6,"column":18}},"loc":{"start":{"line":6,"column":23},"end":{"line":6,"column":81}},"line":6},"3":{"name":"(anonymous_3)","decl":{"start":{"line":10,"column":21},"end":{"line":10,"column":22}},"loc":{"start":{"line":10,"column":34},"end":{"line":19,"column":3}},"line":10},"4":{"name":"(anonymous_4)","decl":{"start":{"line":11,"column":26},"end":{"line":11,"column":27}},"loc":{"start":{"line":11,"column":32},"end":{"line":17,"column":5}},"line":11},"5":{"name":"(anonymous_5)","decl":{"start":{"line":13,"column":14},"end":{"line":13,"column":15}},"loc":{"start":{"line":13,"column":20},"end":{"line":16,"column":9}},"line":13}},"branchMap":{"0":{"loc":{"start":{"line":3,"column":38},"end":{"line":3,"column":74}},"type":"default-arg","locations":[{"start":{"line":3,"column":49},"end":{"line":3,"column":74}}],"line":3},"1":{"loc":{"start":{"line":3,"column":76},"end":{"line":3,"column":102}},"type":"default-arg","locations":[{"start":{"line":3,"column":97},"end":{"line":3,"column":102}}],"line":3},"2":{"loc":{"start":{"line":4,"column":2},"end":{"line":8,"column":3}},"type":"if","locations":[{"start":{"line":4,"column":2},"end":{"line":8,"column":3}},{"start":{"line":4,"column":2},"end":{"line":8,"column":3}}],"line":4}},"s":{"0":2,"1":2,"2":8,"3":0,"4":0,"5":0,"6":8,"7":8,"8":188,"9":2,"10":2,"11":8,"12":2},"f":{"0":8,"1":0,"2":0,"3":8,"4":188,"5":2},"b":{"0":[0],"1":[8],"2":[0,8]},"_coverageSchema":"1a1c01bbd47fc00a2c39e90264f33305004495a9","hash":"42b4508521bf68452d88cfdb416812cbc78d892b"}
,"/Users/danjohnson/repos/eased-smooth-scroll/index.js": {"path":"/Users/danjohnson/repos/eased-smooth-scroll/index.js","statementMap":{"0":{"start":{"line":1,"column":24},"end":{"line":1,"column":52}},"1":{"start":{"line":2,"column":24},"end":{"line":2,"column":52}},"2":{"start":{"line":4,"column":0},"end":{"line":7,"column":2}}},"fnMap":{},"branchMap":{},"s":{"0":2,"1":2,"2":2},"f":{},"b":{},"_coverageSchema":"1a1c01bbd47fc00a2c39e90264f33305004495a9","hash":"2d145f8a30f4862cfb9759c4686875c63c2eb4ed"}
,"/Users/danjohnson/repos/eased-smooth-scroll/isScrolling.js": {"path":"/Users/danjohnson/repos/eased-smooth-scroll/isScrolling.js","statementMap":{"0":{"start":{"line":2,"column":23},"end":{"line":20,"column":1}},"1":{"start":{"line":3,"column":2},"end":{"line":5,"column":3}},"2":{"start":{"line":4,"column":4},"end":{"line":4,"column":24}},"3":{"start":{"line":7,"column":17},"end":{"line":7,"column":34}},"4":{"start":{"line":8,"column":17},"end":{"line":8,"column":33}},"5":{"start":{"line":11,"column":2},"end":{"line":19,"column":10}},"6":{"start":{"line":12,"column":4},"end":{"line":12,"column":30}},"7":{"start":{"line":13,"column":4},"end":{"line":13,"column":29}},"8":{"start":{"line":15,"column":4},"end":{"line":17,"column":5}},"9":{"start":{"line":16,"column":6},"end":{"line":16,"column":38}},"10":{"start":{"line":18,"column":4},"end":{"line":18,"column":19}},"11":{"start":{"line":23,"column":2},"end":{"line":25,"column":5}},"12":{"start":{"line":24,"column":4},"end":{"line":24,"column":36}},"13":{"start":{"line":28,"column":0},"end":{"line":28,"column":29}}},"fnMap":{"0":{"name":"(anonymous_0)","decl":{"start":{"line":2,"column":23},"end":{"line":2,"column":24}},"loc":{"start":{"line":2,"column":44},"end":{"line":20,"column":1}},"line":2},"1":{"name":"(anonymous_1)","decl":{"start":{"line":11,"column":21},"end":{"line":11,"column":22}},"loc":{"start":{"line":11,"column":27},"end":{"line":19,"column":3}},"line":11},"2":{"name":"isScrolling","decl":{"start":{"line":22,"column":9},"end":{"line":22,"column":20}},"loc":{"start":{"line":22,"column":57},"end":{"line":26,"column":1}},"line":22},"3":{"name":"(anonymous_3)","decl":{"start":{"line":23,"column":21},"end":{"line":23,"column":22}},"loc":{"start":{"line":23,"column":32},"end":{"line":25,"column":3}},"line":23}},"branchMap":{"0":{"loc":{"start":{"line":3,"column":2},"end":{"line":5,"column":3}},"type":"if","locations":[{"start":{"line":3,"column":2},"end":{"line":5,"column":3}},{"start":{"line":3,"column":2},"end":{"line":5,"column":3}}],"line":3},"1":{"loc":{"start":{"line":15,"column":4},"end":{"line":17,"column":5}},"type":"if","locations":[{"start":{"line":15,"column":4},"end":{"line":17,"column":5}},{"start":{"line":15,"column":4},"end":{"line":17,"column":5}}],"line":15},"2":{"loc":{"start":{"line":15,"column":8},"end":{"line":15,"column":44}},"type":"binary-expr","locations":[{"start":{"line":15,"column":8},"end":{"line":15,"column":24}},{"start":{"line":15,"column":28},"end":{"line":15,"column":44}}],"line":15},"3":{"loc":{"start":{"line":22,"column":21},"end":{"line":22,"column":55}},"type":"default-arg","locations":[{"start":{"line":22,"column":30},"end":{"line":22,"column":55}}],"line":22}},"s":{"0":2,"1":188,"2":186,"3":188,"4":188,"5":188,"6":2,"7":2,"8":2,"9":0,"10":2,"11":188,"12":188,"13":2},"f":{"0":188,"1":2,"2":188,"3":188},"b":{"0":[186,2],"1":[0,2],"2":[2,0],"3":[188]},"_coverageSchema":"1a1c01bbd47fc00a2c39e90264f33305004495a9","hash":"99184df3db93290de0e58b52ab56c33d50ff99b1"}
}
