TN:
SF:index.js
FNF:0
FNH:0
DA:1,2
DA:2,2
DA:4,2
LF:3
LH:3
BRF:0
BRH:0
end_of_record
TN:
SF:src/AnimateScrollBy.js
FN:21,AnimateScrollBy
FNF:1
FNH:1
FNDA:4,AnimateScrollBy
DA:1,2
DA:2,2
DA:3,2
DA:22,4
DA:24,4
DA:25,2
DA:30,2
DA:33,2
DA:34,2
DA:36,2
DA:46,2
LF:11
LH:11
BRDA:24,0,0,2
BRDA:24,0,1,2
BRF:2
BRH:2
end_of_record
TN:
SF:src/AnimateScrollTo.js
FN:21,AnimateScrollTo
FN:45,(anonymous_1)
FN:54,(anonymous_2)
FNF:3
FNH:2
FNDA:6,AnimateScrollTo
FNDA:0,(anonymous_1)
FNDA:60,(anonymous_2)
DA:1,2
DA:2,2
DA:3,2
DA:22,6
DA:24,6
DA:25,2
DA:30,2
DA:33,4
DA:34,4
DA:35,4
DA:36,4
DA:37,4
DA:38,0
DA:41,4
DA:42,4
DA:44,4
DA:45,4
DA:46,0
DA:47,0
DA:48,0
DA:51,4
DA:53,4
DA:54,4
DA:55,60
DA:56,60
DA:57,60
DA:58,60
DA:60,60
DA:61,56
DA:63,4
DA:66,4
DA:68,4
DA:71,2
LF:33
LH:29
BRDA:24,0,0,2
BRDA:24,0,1,4
BRDA:37,1,0,0
BRDA:37,1,1,4
BRDA:37,2,0,4
BRDA:37,2,1,2
BRDA:44,3,0,4
BRDA:44,3,1,0
BRDA:46,4,0,0
BRDA:46,4,1,0
BRDA:60,5,0,56
BRDA:60,5,1,4
BRF:12
BRH:8
end_of_record
TN:
SF:src/GetOptions.js
FN:10,getOptions
FNF:1
FNH:1
FNDA:16,getOptions
DA:1,3
DA:2,3
DA:11,16
DA:13,16
DA:14,0
DA:17,16
DA:22,1
DA:23,1
DA:24,1
DA:25,15
DA:29,12
DA:30,12
DA:31,12
DA:32,12
DA:33,12
DA:34,12
DA:37,16
DA:40,3
LF:18
LH:17
BRDA:13,0,0,0
BRDA:13,0,1,16
BRDA:17,1,0,1
BRDA:17,1,1,15
BRDA:18,2,0,16
BRDA:18,2,1,1
BRDA:18,2,2,1
BRDA:25,3,0,12
BRDA:25,3,1,3
BRDA:26,4,0,15
BRDA:26,4,1,13
BRDA:30,5,0,12
BRDA:30,5,1,6
BRDA:31,6,0,12
BRDA:31,6,1,7
BRDA:32,7,0,12
BRDA:32,7,1,10
BRDA:33,8,0,12
BRDA:33,8,1,7
BRDA:34,9,0,12
BRDA:34,9,1,10
BRF:21
BRH:20
end_of_record
TN:
SF:src/GetScrollStopPromise.js
FN:3,(anonymous_0)
FN:5,(anonymous_1)
FN:6,(anonymous_2)
FN:10,(anonymous_3)
FN:11,(anonymous_4)
FN:13,(anonymous_5)
FNF:6
FNH:4
FNDA:8,(anonymous_0)
FNDA:0,(anonymous_1)
FNDA:0,(anonymous_2)
FNDA:8,(anonymous_3)
FNDA:188,(anonymous_4)
FNDA:2,(anonymous_5)
DA:1,2
DA:3,2
DA:4,8
DA:5,0
DA:6,0
DA:10,8
DA:11,8
DA:12,188
DA:14,2
DA:15,2
DA:18,8
DA:22,2
LF:12
LH:10
BRDA:3,0,0,0
BRDA:3,1,0,8
BRDA:4,2,0,0
BRDA:4,2,1,8
BRF:4
BRH:2
end_of_record
TN:
SF:src/IsScrolling.js
FN:2,(anonymous_0)
FN:11,(anonymous_1)
FN:22,isScrolling
FN:23,(anonymous_3)
FNF:4
FNH:4
FNDA:188,(anonymous_0)
FNDA:2,(anonymous_1)
FNDA:188,isScrolling
FNDA:188,(anonymous_3)
DA:2,2
DA:3,188
DA:4,186
DA:7,188
DA:8,188
DA:11,188
DA:12,2
DA:13,2
DA:15,2
DA:16,0
DA:18,2
DA:23,188
DA:24,188
DA:28,2
LF:14
LH:13
BRDA:3,0,0,186
BRDA:3,0,1,2
BRDA:15,1,0,0
BRDA:15,1,1,2
BRDA:15,2,0,2
BRDA:15,2,1,0
BRDA:22,3,0,188
BRF:7
BRH:5
end_of_record
